# JRE version: Java(TM) SE Runtime Environment (17.0.6+9) (build 17.0.6+9-LTS-190)
# Java VM: Java HotSpot(TM) 64-Bit Server VM (17.0.6+9-LTS-190, mixed mode, sharing, tiered, compressed oops, compressed class ptrs, g1 gc, windows-amd64)
GC Precious Log:
 CPUs: 6 total, 6 available
 Memory: 8094M
 Large Page Support: Disabled
 NUMA Support: Disabled
 Compressed Oops: Enabled (32-bit)
 Heap Region Size: 1M
 Heap Min Capacity: 8M
 Heap Initial Capacity: 128M
 Heap Max Capacity: 2024M
 Pre-touch: Disabled
 Parallel Workers: 6
 Concurrent Workers: 2
 Concurrent Refinement Workers: 6
 Periodic GC: Disabled
Heap:
 garbage-first heap   total 120832K, used 53886K [0x0000000081800000, 0x0000000100000000)
  region size 1024K, 27 young (27648K), 3 survivors (3072K)
 Metaspace       used 65188K, committed 65728K, reserved 1114112K
  class space    used 8165K, committed 8448K, reserved 1048576K
GC Heap History (20 events):
Event: 5.552 GC heap before
{Heap before GC invocations=15 (full 0):
 garbage-first heap   total 77824K, used 58015K [0x0000000081800000, 0x0000000100000000)
  region size 1024K, 39 young (39936K), 3 survivors (3072K)
 Metaspace       used 49155K, committed 49536K, reserved 1097728K
  class space    used 6674K, committed 6848K, reserved 1048576K
}
Event: 5.557 GC heap after
{Heap after GC invocations=16 (full 0):
 garbage-first heap   total 77824K, used 22657K [0x0000000081800000, 0x0000000100000000)
  region size 1024K, 4 young (4096K), 4 survivors (4096K)
 Metaspace       used 49155K, committed 49536K, reserved 1097728K
  class space    used 6674K, committed 6848K, reserved 1048576K
}
Event: 5.977 GC heap before
{Heap before GC invocations=16 (full 0):
 garbage-first heap   total 77824K, used 60545K [0x0000000081800000, 0x0000000100000000)
  region size 1024K, 40 young (40960K), 4 survivors (4096K)
 Metaspace       used 54034K, committed 54464K, reserved 1097728K
  class space    used 7090K, committed 7296K, reserved 1048576K
}
Event: 5.983 GC heap after
{Heap after GC invocations=17 (full 0):
 garbage-first heap   total 77824K, used 25016K [0x0000000081800000, 0x0000000100000000)
  region size 1024K, 4 young (4096K), 4 survivors (4096K)
 Metaspace       used 54034K, committed 54464K, reserved 1097728K
  class space    used 7090K, committed 7296K, reserved 1048576K
}
Event: 6.494 GC heap before
{Heap before GC invocations=17 (full 0):
 garbage-first heap   total 77824K, used 60856K [0x0000000081800000, 0x0000000100000000)
  region size 1024K, 39 young (39936K), 4 survivors (4096K)
 Metaspace       used 56694K, committed 57152K, reserved 1105920K
  class space    used 7456K, committed 7680K, reserved 1048576K
}
Event: 6.501 GC heap after
{Heap after GC invocations=18 (full 0):
 garbage-first heap   total 77824K, used 27631K [0x0000000081800000, 0x0000000100000000)
  region size 1024K, 5 young (5120K), 5 survivors (5120K)
 Metaspace       used 56694K, committed 57152K, reserved 1105920K
  class space    used 7456K, committed 7680K, reserved 1048576K
}
Event: 39.497 GC heap before
{Heap before GC invocations=18 (full 0):
 garbage-first heap   total 77824K, used 61423K [0x0000000081800000, 0x0000000100000000)
  region size 1024K, 38 young (38912K), 5 survivors (5120K)
 Metaspace       used 62012K, committed 62528K, reserved 1105920K
  class space    used 8124K, committed 8384K, reserved 1048576K
}
Event: 39.503 GC heap after
{Heap after GC invocations=19 (full 0):
 garbage-first heap   total 120832K, used 29764K [0x0000000081800000, 0x0000000100000000)
  region size 1024K, 3 young (3072K), 3 survivors (3072K)
 Metaspace       used 62012K, committed 62528K, reserved 1105920K
  class space    used 8124K, committed 8384K, reserved 1048576K
}
Event: 1432.725 GC heap before
{Heap before GC invocations=19 (full 0):
 garbage-first heap   total 120832K, used 95300K [0x0000000081800000, 0x0000000100000000)
  region size 1024K, 67 young (68608K), 3 survivors (3072K)
 Metaspace       used 62573K, committed 63104K, reserved 1105920K
  class space    used 8148K, committed 8448K, reserved 1048576K
}
Event: 1432.730 GC heap after
{Heap after GC invocations=20 (full 0):
 garbage-first heap   total 120832K, used 29755K [0x0000000081800000, 0x0000000100000000)
  region size 1024K, 3 young (3072K), 3 survivors (3072K)
 Metaspace       used 62573K, committed 63104K, reserved 1105920K
  class space    used 8148K, committed 8448K, reserved 1048576K
}
Event: 2873.546 GC heap before
{Heap before GC invocations=20 (full 0):
 garbage-first heap   total 120832K, used 98363K [0x0000000081800000, 0x0000000100000000)
  region size 1024K, 70 young (71680K), 3 survivors (3072K)
 Metaspace       used 62830K, committed 63424K, reserved 1105920K
  class space    used 8152K, committed 8448K, reserved 1048576K
}
Event: 2873.550 GC heap after
{Heap after GC invocations=21 (full 0):
 garbage-first heap   total 120832K, used 30154K [0x0000000081800000, 0x0000000100000000)
  region size 1024K, 3 young (3072K), 3 survivors (3072K)
 Metaspace       used 62830K, committed 63424K, reserved 1105920K
  class space    used 8152K, committed 8448K, reserved 1048576K
}
Event: 2992.751 GC heap before
{Heap before GC invocations=21 (full 0):
 garbage-first heap   total 120832K, used 98762K [0x0000000081800000, 0x0000000100000000)
  region size 1024K, 70 young (71680K), 3 survivors (3072K)
 Metaspace       used 65119K, committed 65664K, reserved 1114112K
  class space    used 8161K, committed 8448K, reserved 1048576K
}
Event: 2992.755 GC heap after
{Heap after GC invocations=22 (full 0):
 garbage-first heap   total 120832K, used 30166K [0x0000000081800000, 0x0000000100000000)
  region size 1024K, 3 young (3072K), 3 survivors (3072K)
 Metaspace       used 65119K, committed 65664K, reserved 1114112K
  class space    used 8161K, committed 8448K, reserved 1048576K
}
Event: 2997.907 GC heap before
{Heap before GC invocations=22 (full 0):
 garbage-first heap   total 120832K, used 98774K [0x0000000081800000, 0x0000000100000000)
  region size 1024K, 70 young (71680K), 3 survivors (3072K)
 Metaspace       used 65174K, committed 65728K, reserved 1114112K
  class space    used 8162K, committed 8448K, reserved 1048576K
}
Event: 2997.912 GC heap after
{Heap after GC invocations=23 (full 0):
 garbage-first heap   total 120832K, used 30193K [0x0000000081800000, 0x0000000100000000)
  region size 1024K, 3 young (3072K), 3 survivors (3072K)
 Metaspace       used 65174K, committed 65728K, reserved 1114112K
  class space    used 8162K, committed 8448K, reserved 1048576K
}
Event: 3003.554 GC heap before
{Heap before GC invocations=23 (full 0):
 garbage-first heap   total 120832K, used 98801K [0x0000000081800000, 0x0000000100000000)
  region size 1024K, 70 young (71680K), 3 survivors (3072K)
 Metaspace       used 65176K, committed 65728K, reserved 1114112K
  class space    used 8163K, committed 8448K, reserved 1048576K
}
Event: 3003.559 GC heap after
{Heap after GC invocations=24 (full 0):
 garbage-first heap   total 120832K, used 30224K [0x0000000081800000, 0x0000000100000000)
  region size 1024K, 3 young (3072K), 3 survivors (3072K)
 Metaspace       used 65176K, committed 65728K, reserved 1114112K
  class space    used 8163K, committed 8448K, reserved 1048576K
}
Event: 3007.615 GC heap before
{Heap before GC invocations=24 (full 0):
 garbage-first heap   total 120832K, used 98832K [0x0000000081800000, 0x0000000100000000)
  region size 1024K, 70 young (71680K), 3 survivors (3072K)
 Metaspace       used 65177K, committed 65728K, reserved 1114112K
  class space    used 8164K, committed 8448K, reserved 1048576K
}
Event: 3007.619 GC heap after
{Heap after GC invocations=25 (full 0):
 garbage-first heap   total 120832K, used 30334K [0x0000000081800000, 0x0000000100000000)
  region size 1024K, 3 young (3072K), 3 survivors (3072K)
 Metaspace       used 65177K, committed 65728K, reserved 1114112K
  class space    used 8164K, committed 8448K, reserved 1048576K
}

